mode: set
github.com/fernan2lopezkto/awesome-api/main.go:13.13,15.43 2 0
github.com/fernan2lopezkto/awesome-api/main.go:15.43,17.3 1 0
github.com/fernan2lopezkto/awesome-api/main.go:18.2,21.57 2 0
github.com/fernan2lopezkto/awesome-api/main.go:24.32,36.2 4 0
github.com/fernan2lopezkto/awesome-api/main.go:38.65,44.54 2 0
github.com/fernan2lopezkto/awesome-api/main.go:44.54,47.3 2 0
github.com/fernan2lopezkto/awesome-api/main.go:52.59,60.25 4 1
github.com/fernan2lopezkto/awesome-api/main.go:61.9,63.17 1 0
github.com/fernan2lopezkto/awesome-api/main.go:64.10,66.23 1 1
github.com/fernan2lopezkto/awesome-api/main.go:70.2,70.16 1 1
github.com/fernan2lopezkto/awesome-api/main.go:70.16,73.3 2 0
github.com/fernan2lopezkto/awesome-api/main.go:76.2,79.56 2 1
