mode: set
github.com/fernan2lopezkto/awesome-api/main.go:13.13,15.43 2 0
github.com/fernan2lopezkto/awesome-api/main.go:15.43,17.3 1 0
github.com/fernan2lopezkto/awesome-api/main.go:18.2,21.57 2 0
github.com/fernan2lopezkto/awesome-api/main.go:24.32,32.2 3 0
github.com/fernan2lopezkto/awesome-api/main.go:34.65,42.2 2 0
github.com/fernan2lopezkto/awesome-api/main.go:44.59,52.25 4 1
github.com/fernan2lopezkto/awesome-api/main.go:53.9,55.17 1 0
github.com/fernan2lopezkto/awesome-api/main.go:56.10,58.23 1 1
github.com/fernan2lopezkto/awesome-api/main.go:62.2,62.16 1 1
github.com/fernan2lopezkto/awesome-api/main.go:62.16,65.3 2 0
github.com/fernan2lopezkto/awesome-api/main.go:68.2,71.56 2 1
